<?xml version="1.0" encoding="UTF-8"?>
<!-- Generated by org.testng.reporters.JUnitReportReporter -->
<testsuite ignored="0" hostname="enamul" failures="0" tests="1" name="test.SignUpPageTest" time="5.673" errors="0" timestamp="13 Jan 2024 02:11:01 GMT" skipped="0">
  <testcase classname="test.SignUpPageTest" name="signuppagetest" time="5.673"/>
</testsuite> <!-- test.SignUpPageTest -->
